2024-07-02 18:24:16 [INFO] () | 正在快速登录  3105925657 
2024-07-02 18:24:16 [INFO] () | [NapCat] [WebUi] Current WebUi is running at IP:6099 
2024-07-02 18:24:16 [INFO] () | [NapCat] [WebUi] Login Token is b67d0fk0hg 
2024-07-02 18:24:16 [ERROR] () | {} 
2024-07-02 18:24:16 [WARN] () | 请扫描下面的二维码，然后在手Q上授权登录： 
2024-07-02 18:24:16 [WARN] () | 
▄▄▄▄▄▄▄▄▄▄▄▄▄▄▄▄▄▄▄▄▄▄▄▄▄▄▄▄▄▄▄▄▄▄▄
█ ▄▄▄▄▄ █▄▄▄ ▀▄██ ▀ ▀▀▄██▄█ ▄▄▄▄▄ █
█ █   █ ██▄▀ █ ▀▄▄▀▄▄    ▀█ █   █ █
█ █▄▄▄█ ██▀▄ ▄████ ▀▄█   ▀█ █▄▄▄█ █
█▄▄▄▄▄▄▄█ ▀▄█ ▀ █ █▄█▄█▄█▄█▄▄▄▄▄▄▄█
█▄▄▀ ▄█▄▀▀▄▀█▄██▀▀    ██▀▀█▄▀▀█▀▀▄█
█▀▀ ▄█▀▄▀▄▄██▄█▄ █▀ █▀██  ▀  ▄▀▀▄▄█
█  ▀█ ▄▄▀▄▄ █▀▀▄  ██ ██▀▄█▀▄▄███▄▄█
█  ▄▀▀█▄▀██ █▀▄▀ ▄▄█▄▀█▄█▀▀▄█ █▀█▀█
█ ▄▀█▄█▄▀██▄ ▄▄  ▀▀█▀▀ ▄█▀▄ ▀ ▄█  █
█▀▀▄▄█▀▄  ▄█▀▄  ▄▀▄▄ ▀▄ ▄██▀█▄█▀▀ █
█▀ ████▄▄▀  ▄▀██ █▄▀█▄▄█ ▀▄█▀▀▀█▀██
█ █▄▄ ▄▄█▀█▄ ▀█  ▀▀██ ▄▄▄▀ ▀ ▄█▀▄▄█
█▄▄▄██▄▄▄▀ █▄▄▀▄▀▄█▄▄█▀██ ▄▄▄ ▀▀ ██
█ ▄▄▄▄▄ ███▄ ▄█ ▄█▄▀ ▀▄▀  █▄█ ▀ █▀█
█ █   █ █ ▀ ▀ ▄ ▀▀█▄▀ █ ▄▄ ▄▄▄▀█▄▄█
█ █▄▄▄█ █▀█▄▄█ ▄ ▀▄▄▄ ██▀█▀▀▄   ▀ █
█▄▄▄▄▄▄▄█▄▄▄████▄▄▄████▄█▄▄█▄█▄████

二维码解码URL: https://txz.qq.com/p?k=9P4O02ssYUlf*btYpU6djq*wqg69g-*u&f=1600001615
如果控制台二维码无法扫码，可以复制解码url到二维码生成网站生成二维码再扫码，也可以打开下方的二维码路径图片进行扫码 
2024-07-02 18:24:16 [WARN] () | 二维码已保存到 /home/kuroneko/service/qq-bot/NapCat.linux.x64/qrcode.png 
2024-07-02 18:24:17 [INFO] () | [NapCat] 当前版本: 1.6.3 
2024-07-02 18:24:17 [DEBUG] () | [NapCat] 当前已是最新版本 
2024-07-02 18:24:19 [DEBUG] () | 检测更新异常 {} 
2024-07-02 18:24:37 [INFO] () | 配置文件/home/kuroneko/service/qq-bot/NapCat.linux.x64/config/napcat_3105925657.json已创建
如果修改此文件后需要重启 NapCat 生效 
2024-07-02 18:24:37 [DEBUG] (3105925657) | 本账号数据/缓存目录： /home/kuroneko/.config/QQ/NapCat/data 
2024-07-02 18:24:37 [DEBUG] (3105925657) | 数据库中消息最大短id null 
2024-07-02 18:24:37 [DEBUG] (3105925657) | ob11 ready 
2024-07-02 18:24:37 [DEBUG] (3105925657) | 配置文件/home/kuroneko/service/qq-bot/NapCat.linux.x64/config/onebot11_3105925657.json已加载 {"http":{"enable":false,"host":"","port":3000,"secret":"","enableHeart":false,"enablePost":false,"postUrls":[]},"ws":{"enable":false,"host":"","port":3001},"reverseWs":{"enable":false,"urls":[]},"GroupLocalTime":{"Record":false,"RecordList":[]},"debug":false,"heartInterval":30000,"messagePostFormat":"array","enableLocalFile2Url":true,"musicSignUrl":"","reportSelfMessage":false,"token":""} 
2024-07-02 18:24:37 [INFO] (3105925657) | 
    HTTP服务 未启动, :3000
    HTTP上报服务 未启动, 上报地址: 
    WebSocket服务 未启动, :3001
    WebSocket反向服务 未启动, 反向地址: 
     
2024-07-02 18:24:37 [DEBUG] (3105925657) | ob11 msg listener added 
2024-07-02 18:24:37 [DEBUG] (3105925657) | ob11 buddy listener added 
2024-07-02 18:24:37 [DEBUG] (3105925657) | ob11 group listener added 
2024-07-02 18:24:37 [INFO] (3105925657) | 登录成功! 
2024-07-02 18:24:38 [DEBUG] (3105925657) | 消息时间1717018017早于启动时间1719944656.703，忽略上报 
2024-07-02 18:24:38 [DEBUG] (3105925657) | 消息时间1717242876早于启动时间1719944656.703，忽略上报 
2024-07-02 18:24:38 [DEBUG] (3105925657) | 消息时间1717270585早于启动时间1719944656.703，忽略上报 
2024-07-02 18:24:38 [DEBUG] (3105925657) | 消息时间1717361616早于启动时间1719944656.703，忽略上报 
2024-07-02 18:24:38 [DEBUG] (3105925657) | 消息时间1717361617早于启动时间1719944656.703，忽略上报 
2024-07-02 18:24:38 [DEBUG] (3105925657) | 消息时间1717362338早于启动时间1719944656.703，忽略上报 
2024-07-02 18:24:38 [DEBUG] (3105925657) | 消息时间1717362339早于启动时间1719944656.703，忽略上报 
2024-07-02 18:24:38 [DEBUG] (3105925657) | 消息时间1717362340早于启动时间1719944656.703，忽略上报 
2024-07-02 18:24:38 [DEBUG] (3105925657) | 消息时间1717362342早于启动时间1719944656.703，忽略上报 
2024-07-02 18:24:38 [DEBUG] (3105925657) | 消息时间1717505572早于启动时间1719944656.703，忽略上报 
2024-07-02 18:24:38 [DEBUG] (3105925657) | 消息时间1717575029早于启动时间1719944656.703，忽略上报 
2024-07-02 18:24:38 [DEBUG] (3105925657) | 消息时间1717804433早于启动时间1719944656.703，忽略上报 
2024-07-02 18:24:38 [DEBUG] (3105925657) | 消息时间1717804435早于启动时间1719944656.703，忽略上报 
2024-07-02 18:24:38 [DEBUG] (3105925657) | 消息时间1717804435早于启动时间1719944656.703，忽略上报 
2024-07-02 18:24:38 [DEBUG] (3105925657) | 消息时间1717804437早于启动时间1719944656.703，忽略上报 
2024-07-02 18:24:38 [DEBUG] (3105925657) | 消息时间1717804591早于启动时间1719944656.703，忽略上报 
2024-07-02 18:24:38 [DEBUG] (3105925657) | 消息时间1718426024早于启动时间1719944656.703，忽略上报 
2024-07-02 18:24:38 [DEBUG] (3105925657) | 消息时间1718891043早于启动时间1719944656.703，忽略上报 
2024-07-02 18:24:38 [DEBUG] (3105925657) | 消息时间1718895126早于启动时间1719944656.703，忽略上报 
2024-07-02 18:24:38 [DEBUG] (3105925657) | 消息时间1719155205早于启动时间1719944656.703，忽略上报 
2024-07-02 18:24:38 [DEBUG] (3105925657) | 消息时间1719155305早于启动时间1719944656.703，忽略上报 
2024-07-02 18:24:38 [DEBUG] (3105925657) | 消息时间1719155411早于启动时间1719944656.703，忽略上报 
2024-07-02 18:24:38 [DEBUG] (3105925657) | 消息时间1719155467早于启动时间1719944656.703，忽略上报 
2024-07-02 18:24:38 [DEBUG] (3105925657) | 消息时间1719155521早于启动时间1719944656.703，忽略上报 
2024-07-02 18:24:38 [DEBUG] (3105925657) | 消息时间1719313400早于启动时间1719944656.703，忽略上报 
2024-07-02 18:24:38 [DEBUG] (3105925657) | 消息时间1719318458早于启动时间1719944656.703，忽略上报 
2024-07-02 18:24:38 [DEBUG] (3105925657) | 消息时间1719743686早于启动时间1719944656.703，忽略上报 
2024-07-02 18:24:38 [DEBUG] (3105925657) | 消息时间1719743697早于启动时间1719944656.703，忽略上报 
2024-07-02 18:24:38 [DEBUG] (3105925657) | 消息时间1719743699早于启动时间1719944656.703，忽略上报 
2024-07-02 18:24:38 [DEBUG] (3105925657) | 消息时间1719944631早于启动时间1719944656.703，忽略上报 
2024-07-02 18:24:38 [DEBUG] (3105925657) | 消息时间1719937435早于启动时间1719944656.703，忽略上报 
2024-07-02 18:24:38 [DEBUG] (3105925657) | 消息时间1719937436早于启动时间1719944656.703，忽略上报 
2024-07-02 18:24:38 [DEBUG] (3105925657) | 消息时间1719937438早于启动时间1719944656.703，忽略上报 
2024-07-02 18:24:38 [DEBUG] (3105925657) | 消息时间1719937440早于启动时间1719944656.703，忽略上报 
2024-07-02 18:24:38 [DEBUG] (3105925657) | 消息时间1719937440早于启动时间1719944656.703，忽略上报 
2024-07-02 18:24:38 [DEBUG] (3105925657) | 消息时间1719937442早于启动时间1719944656.703，忽略上报 
2024-07-02 18:24:38 [DEBUG] (3105925657) | 消息时间1719937444早于启动时间1719944656.703，忽略上报 
2024-07-02 18:24:38 [DEBUG] (3105925657) | 消息时间1719937457早于启动时间1719944656.703，忽略上报 
2024-07-02 18:24:38 [DEBUG] (3105925657) | 消息时间1719937457早于启动时间1719944656.703，忽略上报 
2024-07-02 18:24:38 [DEBUG] (3105925657) | 消息时间1719937460早于启动时间1719944656.703，忽略上报 
2024-07-02 18:24:38 [DEBUG] (3105925657) | 消息时间1719937464早于启动时间1719944656.703，忽略上报 
2024-07-02 18:24:38 [DEBUG] (3105925657) | 消息时间1719937470早于启动时间1719944656.703，忽略上报 
2024-07-02 18:24:38 [DEBUG] (3105925657) | 消息时间1719937472早于启动时间1719944656.703，忽略上报 
2024-07-02 18:24:38 [DEBUG] (3105925657) | 消息时间1719937479早于启动时间1719944656.703，忽略上报 
2024-07-02 18:24:38 [DEBUG] (3105925657) | 消息时间1719937483早于启动时间1719944656.703，忽略上报 
2024-07-02 18:24:38 [DEBUG] (3105925657) | 消息时间1719937490早于启动时间1719944656.703，忽略上报 
2024-07-02 18:24:38 [DEBUG] (3105925657) | 消息时间1719937495早于启动时间1719944656.703，忽略上报 
2024-07-02 18:24:38 [DEBUG] (3105925657) | 消息时间1719937496早于启动时间1719944656.703，忽略上报 
2024-07-02 18:24:38 [DEBUG] (3105925657) | 消息时间1719937570早于启动时间1719944656.703，忽略上报 
2024-07-02 18:24:38 [DEBUG] (3105925657) | 消息时间1719937574早于启动时间1719944656.703，忽略上报 
2024-07-02 18:24:38 [DEBUG] (3105925657) | 消息时间1719937592早于启动时间1719944656.703，忽略上报 
2024-07-02 18:24:38 [DEBUG] (3105925657) | 消息时间0早于启动时间1719944656.703，忽略上报 
2024-07-02 18:24:38 [DEBUG] (3105925657) | 消息时间1719937607早于启动时间1719944656.703，忽略上报 
2024-07-02 18:24:38 [DEBUG] (3105925657) | 消息时间1719937612早于启动时间1719944656.703，忽略上报 
2024-07-02 18:24:38 [DEBUG] (3105925657) | 消息时间1719937875早于启动时间1719944656.703，忽略上报 
2024-07-02 18:24:38 [DEBUG] (3105925657) | 消息时间1719939685早于启动时间1719944656.703，忽略上报 
2024-07-02 18:24:38 [DEBUG] (3105925657) | 消息时间1719939690早于启动时间1719944656.703，忽略上报 
2024-07-02 18:24:38 [DEBUG] (3105925657) | 消息时间1719939704早于启动时间1719944656.703，忽略上报 
2024-07-02 18:24:38 [DEBUG] (3105925657) | 消息时间1719939738早于启动时间1719944656.703，忽略上报 
2024-07-02 18:24:38 [DEBUG] (3105925657) | 消息时间1719939743早于启动时间1719944656.703，忽略上报 
2024-07-02 18:24:38 [DEBUG] (3105925657) | 消息时间1719287652早于启动时间1719944656.703，忽略上报 
2024-07-02 18:24:38 [DEBUG] (3105925657) | 消息时间1719287654早于启动时间1719944656.703，忽略上报 
2024-07-02 18:24:38 [DEBUG] (3105925657) | 消息时间1719287658早于启动时间1719944656.703，忽略上报 
2024-07-02 18:24:38 [DEBUG] (3105925657) | 消息时间1719287660早于启动时间1719944656.703，忽略上报 
2024-07-02 18:24:38 [DEBUG] (3105925657) | 消息时间1719287662早于启动时间1719944656.703，忽略上报 
2024-07-02 18:24:38 [DEBUG] (3105925657) | 消息时间1719298899早于启动时间1719944656.703，忽略上报 
2024-07-02 18:24:38 [DEBUG] (3105925657) | 消息时间1719299006早于启动时间1719944656.703，忽略上报 
2024-07-02 18:24:38 [DEBUG] (3105925657) | 消息时间1719319290早于启动时间1719944656.703，忽略上报 
2024-07-02 18:24:38 [DEBUG] (3105925657) | 消息时间1719320160早于启动时间1719944656.703，忽略上报 
2024-07-02 18:24:38 [DEBUG] (3105925657) | 消息时间1719333458早于启动时间1719944656.703，忽略上报 
2024-07-02 18:24:38 [DEBUG] (3105925657) | 消息时间1719381976早于启动时间1719944656.703，忽略上报 
2024-07-02 18:24:38 [DEBUG] (3105925657) | 消息时间1719382023早于启动时间1719944656.703，忽略上报 
2024-07-02 18:24:38 [DEBUG] (3105925657) | 消息时间1719382099早于启动时间1719944656.703，忽略上报 
2024-07-02 18:24:38 [DEBUG] (3105925657) | 消息时间1719383325早于启动时间1719944656.703，忽略上报 
2024-07-02 18:24:38 [DEBUG] (3105925657) | 消息时间1719383333早于启动时间1719944656.703，忽略上报 
2024-07-02 18:24:38 [DEBUG] (3105925657) | 消息时间1719384610早于启动时间1719944656.703，忽略上报 
2024-07-02 18:24:38 [DEBUG] (3105925657) | 消息时间1719443639早于启动时间1719944656.703，忽略上报 
2024-07-02 18:24:38 [DEBUG] (3105925657) | 消息时间1719565237早于启动时间1719944656.703，忽略上报 
2024-07-02 18:24:38 [DEBUG] (3105925657) | 消息时间1719565249早于启动时间1719944656.703，忽略上报 
2024-07-02 18:24:38 [DEBUG] (3105925657) | 消息时间1719570499早于启动时间1719944656.703，忽略上报 
2024-07-02 18:24:38 [DEBUG] (3105925657) | 消息时间1719746724早于启动时间1719944656.703，忽略上报 
2024-07-02 18:24:38 [DEBUG] (3105925657) | 消息时间1719784472早于启动时间1719944656.703，忽略上报 
2024-07-02 18:24:38 [DEBUG] (3105925657) | 消息时间1719792904早于启动时间1719944656.703，忽略上报 
2024-07-02 18:24:38 [DEBUG] (3105925657) | 消息时间1719815317早于启动时间1719944656.703，忽略上报 
2024-07-02 18:24:38 [DEBUG] (3105925657) | 消息时间1719910520早于启动时间1719944656.703，忽略上报 
2024-07-02 18:24:38 [DEBUG] (3105925657) | 消息时间1719910533早于启动时间1719944656.703，忽略上报 
2024-07-02 18:24:38 [DEBUG] (3105925657) | 消息时间1719912006早于启动时间1719944656.703，忽略上报 
2024-07-02 18:24:38 [DEBUG] (3105925657) | 消息时间1719922131早于启动时间1719944656.703，忽略上报 
2024-07-02 18:24:38 [DEBUG] (3105925657) | 消息时间1719922238早于启动时间1719944656.703，忽略上报 
2024-07-02 18:24:38 [DEBUG] (3105925657) | 消息时间0早于启动时间1719944656.703，忽略上报 
2024-07-02 18:24:38 [DEBUG] (3105925657) | 消息时间1719485147早于启动时间1719944656.703，忽略上报 
2024-07-02 18:24:38 [DEBUG] (3105925657) | 消息时间1719486738早于启动时间1719944656.703，忽略上报 
2024-07-02 18:24:38 [DEBUG] (3105925657) | 消息时间1719486745早于启动时间1719944656.703，忽略上报 
2024-07-02 18:24:38 [DEBUG] (3105925657) | 消息时间1719494568早于启动时间1719944656.703，忽略上报 
2024-07-02 18:24:38 [DEBUG] (3105925657) | 消息时间1719567138早于启动时间1719944656.703，忽略上报 
2024-07-02 18:24:38 [DEBUG] (3105925657) | 消息时间1719649688早于启动时间1719944656.703，忽略上报 
2024-07-02 18:24:38 [DEBUG] (3105925657) | 消息时间1719716443早于启动时间1719944656.703，忽略上报 
2024-07-02 18:24:38 [DEBUG] (3105925657) | 消息时间1719716601早于启动时间1719944656.703，忽略上报 
2024-07-02 18:24:38 [DEBUG] (3105925657) | 消息时间1719716606早于启动时间1719944656.703，忽略上报 
2024-07-02 18:24:38 [DEBUG] (3105925657) | 消息时间1719722020早于启动时间1719944656.703，忽略上报 
2024-07-02 18:24:38 [DEBUG] (3105925657) | 消息时间1719752663早于启动时间1719944656.703，忽略上报 
2024-07-02 18:24:38 [DEBUG] (3105925657) | 消息时间1719752670早于启动时间1719944656.703，忽略上报 
2024-07-02 18:24:38 [DEBUG] (3105925657) | 消息时间1719753505早于启动时间1719944656.703，忽略上报 
2024-07-02 18:24:38 [DEBUG] (3105925657) | 消息时间1719758478早于启动时间1719944656.703，忽略上报 
2024-07-02 18:24:38 [DEBUG] (3105925657) | 消息时间1719759407早于启动时间1719944656.703，忽略上报 
2024-07-02 18:24:38 [DEBUG] (3105925657) | 消息时间1719819570早于启动时间1719944656.703，忽略上报 
2024-07-02 18:24:38 [DEBUG] (3105925657) | 消息时间1719823560早于启动时间1719944656.703，忽略上报 
2024-07-02 18:24:38 [DEBUG] (3105925657) | 消息时间1719825051早于启动时间1719944656.703，忽略上报 
2024-07-02 18:24:38 [DEBUG] (3105925657) | 消息时间1719825061早于启动时间1719944656.703，忽略上报 
2024-07-02 18:24:38 [DEBUG] (3105925657) | 消息时间1719825072早于启动时间1719944656.703，忽略上报 
2024-07-02 18:24:38 [DEBUG] (3105925657) | 消息时间1719825078早于启动时间1719944656.703，忽略上报 
2024-07-02 18:24:38 [DEBUG] (3105925657) | 消息时间1719825475早于启动时间1719944656.703，忽略上报 
2024-07-02 18:24:38 [DEBUG] (3105925657) | 消息时间1719825528早于启动时间1719944656.703，忽略上报 
2024-07-02 18:24:38 [DEBUG] (3105925657) | 消息时间1719832942早于启动时间1719944656.703，忽略上报 
2024-07-02 18:24:38 [DEBUG] (3105925657) | 消息时间1719832957早于启动时间1719944656.703，忽略上报 
2024-07-02 18:24:38 [DEBUG] (3105925657) | 消息时间1719833898早于启动时间1719944656.703，忽略上报 
2024-07-02 18:24:38 [DEBUG] (3105925657) | 消息时间1719833999早于启动时间1719944656.703，忽略上报 
2024-07-02 18:24:38 [DEBUG] (3105925657) | 消息时间1719836725早于启动时间1719944656.703，忽略上报 
2024-07-02 18:24:38 [DEBUG] (3105925657) | 消息时间1719836873早于启动时间1719944656.703，忽略上报 
2024-07-02 18:24:38 [DEBUG] (3105925657) | 消息时间1719836894早于启动时间1719944656.703，忽略上报 
2024-07-02 18:25:12 [DEBUG] 绛(3105925657) | 收到新消息 {"msgId":"7387106289783798014","msgRandom":"1369942581","msgSeq":"42779","cntSeq":"0","chatType":2,"msgType":2,"subMsgType":1,"sendType":0,"senderUid":"u_SVvc3Kfkynwcaiswo3NaSQ","peerUid":"908810214","channelId":"","guildId":"","guildCode":"0","fromUid":"0","fromAppid":"0","msgTime":"1719944712","msgMeta":"0x","sendStatus":2,"sendRemarkName":"","sendMemberName":"逢田梨香子的牛牛","sendNickName":"","guildName":"","channelName":"","elements":[{"elementType":1,"elementId":"7387106289783798013","extBufForUI":"0x","textElement":{"content":"唉","atType":0,"atUid":"0","atTinyId":"0","atNtUid":"","subElementType":0,"atChannelId":"0","linkInfo":null,"atRoleId":"0","atRoleColor":0,"atRoleName":"","needNotify":0},"faceElement":null,"marketFaceElement":null,"replyElement":null,"picElement":null,"pttElement":null,"videoElement":null,"grayTipElement":null,"arkElement":null,"fileElement":null,"liveGiftElement":null,"markdownElement":null,"structLongMsgElement":null,"multiForwardMsgElement":null,"giphyElement":null,"walletElement":null,"inlineKeyboardElement":null,"textGiftElement":null,"calendarElement":null,"yoloGameResultElement":null,"avRecordElement":null,"structMsgElement":null,"faceBubbleElement":null,"shareLocationElement":null,"tofuRecordElement":null,"taskTopMsgElement":null,"recommendedMsgElement":null,"actionBarElement":null}],"records":[],"emojiLikesList":[],"commentCnt":"0","directMsgFlag":0,"directMsgMembers":[],"peerName":"沪国？沪国！沪国😭","freqLimitInfo":null,"editable":false,"avatarMeta":"","avatarPendant":"","feedId":"","roleId":"0","timeStamp":"0","clientIdentityInfo":null,"isImportMsg":false,"atType":0,"roleType":0,"fromChannelRoleInfo":{"roleId":"0","name":"","color":0},"fromGuildRoleInfo":{"roleId":"0","name":"","color":0},"levelRoleInfo":{"roleId":"0","name":"","color":0},"recallTime":"0","isOnlineMsg":true,"generalFlags":"0x","clientSeq":"0","fileGroupSize":null,"foldingInfo":null,"multiTransInfo":null,"senderUin":"1345248990","peerUin":"908810214","msgAttrs":{},"anonymousExtInfo":null,"nameType":0,"avatarFlag":0,"extInfoForUI":null,"personalMedal":null,"categoryManage":0,"msgEventInfo":null,"id":-2147483639} 
2024-07-02 18:25:12 [DEBUG] 绛(3105925657) | 收到消息:  {"self_id":3105925657,"user_id":1345248990,"time":1719944712,"message_id":-2147483639,"message_seq":-2147483639,"real_id":-2147483639,"message_type":"group","sender":{"user_id":1345248990,"nickname":"_夜宵草","card":"逢田梨香子的牛牛","role":"member"},"raw_message":"唉","font":14,"sub_type":"normal","message":[{"data":{"text":"唉"},"type":"text"}],"message_format":"array","post_type":"message","group_id":908810214} 
2024-07-02 18:25:12 [INFO] 绛(3105925657) | 群[沪国？沪国！沪国😭！(908810214)] _夜宵草(1345248990): 唉 
