2024-07-02 18:23:16 [INFO] () | 没有 -q 参数指定快速登录的QQ，将使用二维码登录方式 
2024-07-02 18:23:16 [INFO] () | [NapCat] [WebUi] Current WebUi is running at IP:6099 
2024-07-02 18:23:16 [INFO] () | [NapCat] [WebUi] Login Token is b67d0fk0hg 
2024-07-02 18:23:16 [WARN] () | 请扫描下面的二维码，然后在手Q上授权登录： 
2024-07-02 18:23:16 [WARN] () | 
▄▄▄▄▄▄▄▄▄▄▄▄▄▄▄▄▄▄▄▄▄▄▄▄▄▄▄▄▄▄▄▄▄▄▄
█ ▄▄▄▄▄ █▀▀ ██▀▀ ▄▀▀▄▄▀█▀▀█ ▄▄▄▄▄ █
█ █   █ █▄▀██▀██▀ ▄▄█▀▀  ▄█ █   █ █
█ █▄▄▄█ █ ▄ █  ▀ ▀█▀ ▀▄▄▄██ █▄▄▄█ █
█▄▄▄▄▄▄▄█ █ ▀▄█▄▀▄▀▄█▄▀ █ █▄▄▄▄▄▄▄█
█  ▀▄██▄▄█▀█   ▀▄█▄██ █▀▄ ▀ ▄▄▀▄▄▀█
█▀  ▀ ▀▄  ▀▀    █▀█ ▄█▀▀▀▄▄▄█ ▄█▀ █
█ █▄▀▄▄▄  ▀▄ █▄ █▄██▀█ ▀▄▄▄ ▀▀ ▀▀ █
███ ▀█ ▄▄▄▄█ █▀██ ▀▄▀█▀█▄█▄  ▄ █ ██
██ ▀██▄▄▄▄▀▄█ ▀▄██▄ ▄█▄▀  ▀▄▄▄▀▀█▄█
█ ▀█▀ █▄█  ▄▄ █▄██ ▀▀▀▀ ▀▀ █   █▄▄█
█▄   ▀ ▄▀▀▀▀▀█ ▀█▀██▀▀  ██▀▀▄█▄▀▄▀█
█▄   ▀ ▄▀█▀▀██ ▄▀▄▄█▄█  ▀████  █▀ █
█▄█▄▄█▄▄█▀▀▄▀ ▄ ██▄▄█ █▀  ▄▄▄ ▄██▀█
█ ▄▄▄▄▄ █▄  █  ▄█▄▀▄▀ ▀██ █▄█ ▄▄ ██
█ █   █ █▀ █▄▄▀▄█▀▄▀█▄█▄▀ ▄   ▄▀▀ █
█ █▄▄▄█ █▀ ▀▀▀█ █▄▀▀██▀▄▄▀▄█▀▄█▄▄▄█
█▄▄▄▄▄▄▄█▄██▄█▄█▄▄██▄▄██▄▄██████▄██

二维码解码URL: https://txz.qq.com/p?k=k*faTZYd87LIYmGGp7pX44IJ7n*unbqw&f=1600001615
如果控制台二维码无法扫码，可以复制解码url到二维码生成网站生成二维码再扫码，也可以打开下方的二维码路径图片进行扫码 
2024-07-02 18:23:16 [WARN] () | 二维码已保存到 /home/kuroneko/service/qq-bot/NapCat.linux.x64/qrcode.png 
2024-07-02 18:23:16 [INFO] () | [NapCat] 当前版本: 1.6.3 
2024-07-02 18:23:16 [DEBUG] () | [NapCat] 当前已是最新版本 
2024-07-02 18:23:18 [DEBUG] () | 检测更新异常 {} 
